2025-12-13 14:38:14, MOVE, v:1, k:poo@estacionamento, mode:PICK
2025-12-13 14:38:15, EXEC, v:1, k:poo@estacionamento, mode:FULL, rate:0, size:22
2025-12-13 14:38:17, MOVE, v:1, k:poo@estacionamento, mode:BACK
2025-12-13 14:39:08, MOVE, v:1, k:poo@pagamento, mode:PICK
2025-12-13 14:39:09, EXEC, v:1, k:poo@pagamento, mode:LOCK, rate:100
2025-12-13 14:39:10, MOVE, v:1, k:poo@pagamento, mode:BACK
2025-12-13 14:39:49, MOVE, v:1, k:poo@estacionamento, mode:PICK
2025-12-13 14:39:50, MOVE, v:1, k:poo@estacionamento, mode:BACK
2025-12-13 14:39:51, MOVE, v:1, k:poo@estacionamento, mode:PICK
2025-12-13 14:39:51, EXEC, v:1, k:poo@estacionamento, mode:FULL, rate:0, size:25
2025-12-13 14:39:53, MOVE, v:1, k:poo@estacionamento, mode:BACK
2025-12-13 14:42:33, MOVE, v:1, k:poo@estacionamento, mode:PICK
2025-12-13 14:42:35, MOVE, v:1, k:poo@estacionamento, mode:BACK
2025-12-13 14:42:36, MOVE, v:1, k:poo@estacionamento, mode:PICK
2025-12-13 14:42:36, EXEC, v:1, k:poo@estacionamento, mode:FULL, rate:0
2025-12-13 14:42:37, MOVE, v:1, k:poo@estacionamento, mode:BACK
2025-12-13 15:02:06, MOVE, v:1, k:poo@estacionamento, mode:PICK
2025-12-13 15:02:08, EXEC, v:1, k:poo@estacionamento, mode:FULL, rate:0
2025-12-13 15:02:08, EXEC, v:1, k:poo@estacionamento, mode:FULL, rate:0
2025-12-13 15:02:09, EXEC, v:1, k:poo@estacionamento, mode:FULL, rate:0
2025-12-13 15:02:09, MOVE, v:1, k:poo@estacionamento, mode:BACK
2025-12-13 15:26:11, MOVE, v:1, k:poo@estacionamento, mode:PICK
2025-12-13 15:26:11, EXEC, v:1, k:poo@estacionamento, mode:FULL, rate:0
2025-12-13 15:26:14, EXEC, v:1, k:poo@estacionamento, mode:FULL, rate:0
2025-12-13 15:26:15, MOVE, v:1, k:poo@estacionamento, mode:BACK
2025-12-13 16:12:07, MOVE, v:1, k:poo@estacionamento, mode:PICK
2025-12-13 16:12:07, EXEC, v:1, k:poo@estacionamento, mode:FULL, rate:0
2025-12-13 16:12:09, MOVE, v:1, k:poo@estacionamento, mode:BACK
2025-12-13 16:24:08, MOVE, v:1, k:poo@estacionamento, mode:PICK
2025-12-13 16:24:09, EXEC, v:1, k:poo@estacionamento, mode:FULL, rate:0
2025-12-13 16:24:09, EXEC, v:1, k:poo@estacionamento, mode:FULL, rate:0
2025-12-13 16:24:10, MOVE, v:1, k:poo@estacionamento, mode:BACK
2025-12-13 18:10:23, MOVE, v:1, k:poo@estacionamento, mode:PICK
2025-12-13 18:10:24, EXEC, v:1, k:poo@estacionamento, mode:FULL, rate:0
2025-12-13 18:10:25, MOVE, v:1, k:poo@estacionamento, mode:BACK
2025-12-13 18:27:14, MOVE, v:1, k:poo@zoo, mode:PICK
2025-12-13 18:27:15, EXEC, v:1, k:poo@zoo, mode:LOCK, rate:100, size:16
2025-12-13 18:27:16, MOVE, v:1, k:poo@zoo, mode:BACK
2025-12-13 18:27:22, MOVE, v:1, k:poo@zoo, mode:PICK
2025-12-13 18:27:22, MOVE, v:1, k:poo@zoo, mode:BACK
2025-12-13 18:27:23, MOVE, v:1, k:poo@zoo, mode:PICK
2025-12-13 18:27:23, EXEC, v:1, k:poo@zoo, mode:LOCK, rate:100
2025-12-13 18:27:24, EXEC, v:1, k:poo@zoo, mode:LOCK, rate:100
2025-12-13 18:27:24, EXEC, v:1, k:poo@zoo, mode:LOCK, rate:100
2025-12-13 18:27:24, EXEC, v:1, k:poo@zoo, mode:LOCK, rate:100
2025-12-13 18:27:25, MOVE, v:1, k:poo@zoo, mode:BACK
2025-12-13 19:01:14, MOVE, v:1, k:poo@zoo, mode:PICK
2025-12-13 19:01:17, EXEC, v:1, k:poo@zoo, mode:LOCK, rate:100, size:23
2025-12-13 19:01:17, EXEC, v:1, k:poo@zoo, mode:LOCK, rate:100, size:23
2025-12-13 19:01:18, EXEC, v:1, k:poo@zoo, mode:LOCK, rate:100, size:23
2025-12-13 19:01:18, EXEC, v:1, k:poo@zoo, mode:LOCK, rate:100
2025-12-13 19:01:18, MOVE, v:1, k:poo@zoo, mode:BACK
2025-12-13 19:03:45, MOVE, v:1, k:poo@zoo, mode:PICK
2025-12-13 19:03:47, EXEC, v:1, k:poo@zoo, mode:FREE, size:24
2025-12-13 19:07:52, MOVE, v:1, k:poo@zoo, mode:BACK
2025-12-13 19:07:54, MOVE, v:1, k:poo@zoo, mode:PICK
2025-12-13 19:07:57, EXEC, v:1, k:poo@zoo, mode:FREE, size:30
2025-12-13 19:09:50, MOVE, v:1, k:poo@zoo, mode:BACK
2025-12-13 19:09:50, MOVE, v:1, k:poo@zoo, mode:PICK
2025-12-13 19:09:51, MOVE, v:1, k:poo@zoo, mode:BACK
2025-12-13 19:09:52, MOVE, v:1, k:poo@zoo, mode:PICK
2025-12-13 19:09:54, EXEC, v:1, k:poo@zoo, mode:FREE, size:38
2025-12-13 19:14:23, MOVE, v:1, k:poo@zoo, mode:BACK
2025-12-13 19:14:25, MOVE, v:1, k:poo@zoo, mode:PICK
2025-12-13 19:14:26, EXEC, v:1, k:poo@zoo, mode:FREE, size:38
2025-12-13 19:15:36, MOVE, v:1, k:poo@zoo, mode:BACK
2025-12-13 19:15:37, MOVE, v:1, k:poo@zoo, mode:PICK
2025-12-13 19:15:39, EXEC, v:1, k:poo@zoo, mode:FREE, size:41
2025-12-13 19:16:25, MOVE, v:1, k:poo@zoo, mode:BACK
2025-12-13 19:20:07, MOVE, v:1, k:poo@zoo, mode:PICK
2025-12-13 19:20:09, EXEC, v:1, k:poo@zoo, mode:FREE, size:53
2025-12-13 19:21:58, MOVE, v:1, k:poo@zoo, mode:BACK
2025-12-13 20:00:28, MOVE, v:1, k:poo@pagamento, mode:PICK
2025-12-13 20:00:30, EXEC, v:1, k:poo@pagamento, mode:LOCK, rate:100
2025-12-13 20:00:31, MOVE, v:1, k:poo@pagamento, mode:BACK
2025-12-13 20:00:42, MOVE, v:1, k:poo@pagamento, mode:PICK
2025-12-13 20:00:42, EXEC, v:1, k:poo@pagamento, mode:LOCK, rate:100
2025-12-13 20:00:43, EXEC, v:1, k:poo@pagamento, mode:LOCK, rate:100
2025-12-13 20:00:43, EXEC, v:1, k:poo@pagamento, mode:LOCK, rate:100
2025-12-13 20:00:44, MOVE, v:1, k:poo@pagamento, mode:BACK
2025-12-13 20:04:41, MOVE, v:1, k:poo@pagamento, mode:PICK
2025-12-13 20:04:41, EXEC, v:1, k:poo@pagamento, mode:LOCK, rate:0, size:1
2025-12-13 20:04:43, MOVE, v:1, k:poo@pagamento, mode:BACK
2025-12-13 20:22:46, MOVE, v:1, k:poo@pagamento, mode:PICK
2025-12-13 20:22:48, EXEC, v:1, k:poo@pagamento, mode:LOCK, rate:0
2025-12-13 20:22:48, MOVE, v:1, k:poo@pagamento, mode:BACK
2025-12-13 21:18:53, MOVE, v:1, k:poo@pagamento, mode:PICK
2025-12-13 21:18:54, MOVE, v:1, k:poo@pagamento, mode:BACK
2025-12-13 21:19:02, MOVE, v:1, k:poo@pagamento, mode:PICK
2025-12-13 21:19:03, EXEC, v:1, k:poo@pagamento, mode:LOCK, rate:100, size:48
2025-12-13 21:19:04, MOVE, v:1, k:poo@pagamento, mode:BACK
2025-12-13 21:28:38, MOVE, v:1, k:poo@pagamento, mode:PICK
2025-12-13 21:28:40, EXEC, v:1, k:poo@pagamento, mode:LOCK, rate:100, size:63
2025-12-13 21:28:40, EXEC, v:1, k:poo@pagamento, mode:LOCK, rate:100, size:63
2025-12-13 21:28:41, EXEC, v:1, k:poo@pagamento, mode:LOCK, rate:100, size:63
2025-12-13 21:28:41, EXEC, v:1, k:poo@pagamento, mode:LOCK, rate:100, size:63
2025-12-13 21:28:41, MOVE, v:1, k:poo@pagamento, mode:BACK
2025-12-13 21:28:53, MOVE, v:1, k:poo@pagamento, mode:PICK
2025-12-13 21:28:54, MOVE, v:1, k:poo@pagamento, mode:BACK
2025-12-13 21:28:55, MOVE, v:1, k:poo@pagamento, mode:PICK
2025-12-13 21:28:56, EXEC, v:1, k:poo@pagamento, mode:LOCK, rate:100, size:63
2025-12-13 21:28:56, EXEC, v:1, k:poo@pagamento, mode:LOCK, rate:100
2025-12-13 21:28:56, MOVE, v:1, k:poo@pagamento, mode:BACK
2025-12-13 21:40:01, MOVE, v:1, k:poo@pagamento, mode:PICK
2025-12-13 21:40:03, EXEC, v:1, k:poo@pagamento, mode:FREE, size:73
2025-12-13 21:40:07, MOVE, v:1, k:poo@pagamento, mode:BACK
2025-12-13 21:47:48, MOVE, v:1, k:poo@pagamento, mode:PICK
2025-12-13 21:47:49, EXEC, v:1, k:poo@pagamento, mode:LOCK, rate:0, size:83
2025-12-13 21:48:17, EXEC, v:1, k:poo@pagamento, mode:LOCK, rate:0, size:83
2025-12-13 21:48:17, EXEC, v:1, k:poo@pagamento, mode:LOCK, rate:0, size:83
2025-12-13 21:48:17, EXEC, v:1, k:poo@pagamento, mode:LOCK, rate:0, size:83
2025-12-13 21:48:18, MOVE, v:1, k:poo@pagamento, mode:BACK
2025-12-13 21:48:57, MOVE, v:1, k:poo@pagamento, mode:PICK
2025-12-13 21:48:58, EXEC, v:1, k:poo@pagamento, mode:LOCK, rate:0
2025-12-13 21:49:01, MOVE, v:1, k:poo@pagamento, mode:BACK
2025-12-13 21:50:48, MOVE, v:1, k:poo@pagamento, mode:PICK
2025-12-13 21:50:50, EXEC, v:1, k:poo@pagamento, mode:LOCK, rate:0
2025-12-13 21:55:41, EXEC, v:1, k:poo@pagamento, mode:LOCK, rate:0, size:92
2025-12-13 21:55:50, MOVE, v:1, k:poo@pagamento, mode:BACK
2025-12-13 23:55:22, MOVE, v:1, k:poo@estacionamento, mode:PICK
2025-12-13 23:55:23, EXEC, v:1, k:poo@estacionamento, mode:FULL, rate:0
2025-12-13 23:55:24, MOVE, v:1, k:poo@estacionamento, mode:BACK
