2025-12-14 00:09:04, MOVE, v:1, k:poo@estacionamento, mode:PICK
2025-12-14 00:09:04, EXEC, v:1, k:poo@estacionamento, mode:FULL, rate:0, size:25
2025-12-14 00:09:06, MOVE, v:1, k:poo@estacionamento, mode:BACK
2025-12-14 01:05:46, MOVE, v:1, k:poo@estacionamento, mode:PICK
2025-12-14 01:05:47, EXEC, v:1, k:poo@estacionamento, mode:FULL, rate:0
2025-12-14 01:05:47, MOVE, v:1, k:poo@estacionamento, mode:BACK
2025-12-14 01:14:20, MOVE, v:1, k:poo@shapes, mode:PICK
2025-12-14 01:14:21, EXEC, v:1, k:poo@shapes, mode:FULL, rate:0, size:0
2025-12-14 01:14:22, MOVE, v:1, k:poo@shapes, mode:BACK
2025-12-14 01:17:54, MOVE, v:1, k:poo@shapes, mode:PICK
2025-12-14 01:17:56, EXEC, v:1, k:poo@shapes, mode:FULL, rate:0
2025-12-14 01:17:57, MOVE, v:1, k:poo@shapes, mode:BACK
2025-12-14 01:31:38, MOVE, v:1, k:poo@shapes, mode:PICK
2025-12-14 01:31:39, EXEC, v:1, k:poo@shapes, mode:FULL, rate:0
2025-12-14 01:31:39, MOVE, v:1, k:poo@shapes, mode:BACK
2025-12-14 01:48:10, MOVE, v:1, k:poo@shapes, mode:PICK
2025-12-14 01:48:12, EXEC, v:1, k:poo@shapes, mode:FULL, rate:0
2025-12-14 01:48:12, MOVE, v:1, k:poo@shapes, mode:BACK
2025-12-14 13:31:38, MOVE, v:1, k:poo@shapes, mode:PICK
2025-12-14 13:31:39, MOVE, v:1, k:poo@shapes, mode:BACK
2025-12-14 13:39:52, MOVE, v:1, k:poo@shapes, mode:PICK
2025-12-14 13:39:53, EXEC, v:1, k:poo@shapes, mode:FULL, rate:0, size:1
2025-12-14 13:39:53, MOVE, v:1, k:poo@shapes, mode:BACK
2025-12-14 14:28:34, MOVE, v:1, k:poo@shapes, mode:PICK
2025-12-14 14:28:34, EXEC, v:1, k:poo@shapes, mode:FULL, rate:0, size:3
2025-12-14 14:28:35, MOVE, v:1, k:poo@shapes, mode:BACK
2025-12-14 18:24:30, MOVE, v:1, k:poo@shapes, mode:PICK
2025-12-14 18:25:02, MOVE, v:1, k:poo@shapes, mode:BACK
2025-12-14 20:53:55, MOVE, v:1, k:poo@estacionamento, mode:PICK
2025-12-14 20:53:56, EXEC, v:1, k:poo@estacionamento, mode:FULL, rate:0, size:46
2025-12-14 20:53:57, MOVE, v:1, k:poo@estacionamento, mode:BACK
2025-12-14 21:03:54, MOVE, v:1, k:poo@estacionamento, mode:PICK
2025-12-14 21:03:55, EXEC, v:1, k:poo@estacionamento, mode:FULL, rate:0, size:52
2025-12-14 21:04:14, MOVE, v:1, k:poo@estacionamento, mode:BACK
2025-12-14 21:06:55, MOVE, v:1, k:poo@estacionamento, mode:PICK
2025-12-14 21:06:56, EXEC, v:1, k:poo@estacionamento, mode:FULL, rate:0, size:60
2025-12-14 21:30:06, EXEC, v:1, k:poo@estacionamento, mode:FULL, rate:0, size:73
2025-12-14 21:30:06, MOVE, v:1, k:poo@estacionamento, mode:BACK
2025-12-14 22:51:13, MOVE, v:1, k:poo@estacionamento, mode:PICK
2025-12-14 22:51:14, EXEC, v:1, k:poo@estacionamento, mode:FULL, rate:0, size:99
2025-12-14 22:55:36, EXEC, v:1, k:poo@estacionamento, mode:FULL, rate:0, size:99
2025-12-14 22:56:31, EXEC, v:1, k:poo@estacionamento, mode:FULL, rate:0, size:99
2025-12-14 22:57:25, EXEC, v:1, k:poo@estacionamento, mode:FULL, rate:0, size:99
2025-12-14 22:57:28, EXEC, v:1, k:poo@estacionamento, mode:FULL, rate:0
2025-12-14 22:57:40, EXEC, v:1, k:poo@estacionamento, mode:FULL, rate:0, size:99
2025-12-14 22:58:46, EXEC, v:1, k:poo@estacionamento, mode:FULL, rate:0, size:99
2025-12-14 22:58:47, EXEC, v:1, k:poo@estacionamento, mode:FULL, rate:0
2025-12-14 22:59:40, EXEC, v:1, k:poo@estacionamento, mode:FULL, rate:0, size:99
2025-12-14 23:00:15, EXEC, v:1, k:poo@estacionamento, mode:FULL, rate:0
2025-12-14 23:01:25, EXEC, v:1, k:poo@estacionamento, mode:FULL, rate:0, size:99
2025-12-14 23:01:51, EXEC, v:1, k:poo@estacionamento, mode:FULL, rate:0, size:99
2025-12-14 23:01:54, MOVE, v:1, k:poo@estacionamento, mode:BACK
2025-12-14 23:02:02, MOVE, v:1, k:poo@estacionamento, mode:PICK
2025-12-14 23:02:02, EXEC, v:1, k:poo@estacionamento, mode:FULL, rate:0
2025-12-14 23:03:34, EXEC, v:1, k:poo@estacionamento, mode:FULL, rate:0, size:99
2025-12-14 23:06:18, EXEC, v:1, k:poo@estacionamento, mode:FULL, rate:0, size:99
2025-12-14 23:06:38, EXEC, v:1, k:poo@estacionamento, mode:FULL, rate:0, size:99
2025-12-14 23:10:17, EXEC, v:1, k:poo@estacionamento, mode:FULL, rate:0, size:106
2025-12-14 23:12:52, EXEC, v:1, k:poo@estacionamento, mode:FULL, rate:0, size:107
2025-12-14 23:17:20, EXEC, v:1, k:poo@estacionamento, mode:FULL, rate:0, size:112
2025-12-14 23:20:32, EXEC, v:1, k:poo@estacionamento, mode:FULL, rate:0, size:125
2025-12-14 23:24:18, EXEC, v:1, k:poo@estacionamento, mode:FULL, rate:0, size:121
2025-12-14 23:26:27, EXEC, v:1, k:poo@estacionamento, mode:FULL, rate:0, size:121
2025-12-14 23:27:25, EXEC, v:1, k:poo@estacionamento, mode:FULL, rate:0, size:121
2025-12-14 23:29:07, EXEC, v:1, k:poo@estacionamento, mode:FULL, rate:0, size:120
2025-12-14 23:30:51, EXEC, v:1, k:poo@estacionamento, mode:FULL, rate:0, size:120
2025-12-14 23:31:41, EXEC, v:1, k:poo@estacionamento, mode:FULL, rate:0, size:120
2025-12-14 23:32:58, EXEC, v:1, k:poo@estacionamento, mode:FULL, rate:0, size:120
2025-12-14 23:33:11, EXEC, v:1, k:poo@estacionamento, mode:FULL, rate:0, size:120
2025-12-14 23:33:19, EXEC, v:1, k:poo@estacionamento, mode:FULL, rate:25, size:120
2025-12-14 23:38:28, EXEC, v:1, k:poo@estacionamento, mode:FULL, rate:0, size:124
2025-12-14 23:41:03, EXEC, v:1, k:poo@estacionamento, mode:FULL, rate:75, size:124
2025-12-14 23:45:19, EXEC, v:1, k:poo@estacionamento, mode:FULL, rate:75, size:132
2025-12-14 23:46:00, EXEC, v:1, k:poo@estacionamento, mode:FULL, rate:75, size:135
2025-12-14 23:46:35, EXEC, v:1, k:poo@estacionamento, mode:FULL, rate:75, size:136
2025-12-14 23:49:35, EXEC, v:1, k:poo@estacionamento, mode:FULL, rate:75, size:136
2025-12-14 23:50:15, MOVE, v:1, k:poo@estacionamento, mode:BACK
2025-12-14 23:51:19, SELF, v:1, k:poo@estacionamento, rate:75, human:amigo, iagen:gpt_com_erros, alone:7, study:300
2025-12-14 23:51:49, SELF, v:1, k:poo@zoo, rate:100, alone:10, study:160
2025-12-14 23:52:07, SELF, v:1, k:poo@pagamento, rate:100, alone:10, study:160
